Rand/gcd/0
Rand/gcd/1
Rand/gcd/2
Rand/gcd/3
Rand/gcd/4
Rand/gcd/5
Rand/gcd/6
Rand/gcd/7
Rand/gcd/8
Rand/gcd/9
Rand/gcd/10
Rand/gcd/11
Rand/gcd/12
Rand/gcd/13
Rand/gcd/14
Rand/gcd/15
Rand/gcd/16
Rand/gcd/17
Rand/gcd/18
Rand/gcd/19
FR/gcd/0
FR/gcd/1
FR/gcd/2
FR/gcd/3
FR/gcd/4
FR/gcd/5
FR/gcd/6
FR/gcd/7
FR/gcd/8
FR/gcd/9
FR/gcd/10
FR/gcd/11
FR/gcd/12
FR/gcd/13
FR/gcd/14
FR/gcd/15
FR/gcd/16
FR/gcd/17
FR/gcd/18
FR/gcd/19
L1/gcd
Full/gcd
Rand/matching/0
Rand/matching/1
Rand/matching/2
Rand/matching/3
Rand/matching/4
Rand/matching/5
Rand/matching/6
Rand/matching/7
Rand/matching/8
Rand/matching/9
Rand/matching/10
Rand/matching/11
Rand/matching/12
Rand/matching/13
Rand/matching/14
Rand/matching/15
Rand/matching/16
Rand/matching/17
Rand/matching/18
Rand/matching/19
FR/matching/0
FR/matching/1
FR/matching/2
FR/matching/3
FR/matching/4
FR/matching/5
FR/matching/6
FR/matching/7
FR/matching/8
FR/matching/9
FR/matching/10
FR/matching/11
FR/matching/12
FR/matching/13
FR/matching/14
FR/matching/15
FR/matching/16
FR/matching/17
FR/matching/18
FR/matching/19
L1/matching
