=== Phase 1: Primary budgets (B=60) — main baselines only ===
  Random / matmul / B=60 / seed=0
  Random / matmul / B=60 / seed=1
  Random / matmul / B=60 / seed=2
  Random / matmul / B=60 / seed=3
  Random / matmul / B=60 / seed=4
  Random / matmul / B=60 / seed=5
  Random / matmul / B=60 / seed=6
  Random / matmul / B=60 / seed=7
  Random / matmul / B=60 / seed=8
  Random / matmul / B=60 / seed=9
  Random / matmul / B=60 / seed=10
  Random / matmul / B=60 / seed=11
  Random / matmul / B=60 / seed=12
  Random / matmul / B=60 / seed=13
  Random / matmul / B=60 / seed=14
  Random / matmul / B=60 / seed=15
  Random / matmul / B=60 / seed=16
  Random / matmul / B=60 / seed=17
  Random / matmul / B=60 / seed=18
  Random / matmul / B=60 / seed=19
  Filtered_Random / matmul / B=60 / seed=0
  Filtered_Random / matmul / B=60 / seed=1
  Filtered_Random / matmul / B=60 / seed=2
  Filtered_Random / matmul / B=60 / seed=3
  Filtered_Random / matmul / B=60 / seed=4
  Filtered_Random / matmul / B=60 / seed=5
  Filtered_Random / matmul / B=60 / seed=6
  Filtered_Random / matmul / B=60 / seed=7
  Filtered_Random / matmul / B=60 / seed=8
  Filtered_Random / matmul / B=60 / seed=9
  Filtered_Random / matmul / B=60 / seed=10
  Filtered_Random / matmul / B=60 / seed=11
  Filtered_Random / matmul / B=60 / seed=12
  Filtered_Random / matmul / B=60 / seed=13
  Filtered_Random / matmul / B=60 / seed=14
  Filtered_Random / matmul / B=60 / seed=15
  Filtered_Random / matmul / B=60 / seed=16
  Filtered_Random / matmul / B=60 / seed=17
  Filtered_Random / matmul / B=60 / seed=18
  Filtered_Random / matmul / B=60 / seed=19
  PA-DSE_L1 / matmul / B=60
  PA-DSE_Full / matmul / B=60
  Random / vadd / B=60 / seed=0
  Random / vadd / B=60 / seed=1
  Random / vadd / B=60 / seed=2
  Random / vadd / B=60 / seed=3
  Random / vadd / B=60 / seed=4
  Random / vadd / B=60 / seed=5
  Random / vadd / B=60 / seed=6
  Random / vadd / B=60 / seed=7
  Random / vadd / B=60 / seed=8
  Random / vadd / B=60 / seed=9
  Random / vadd / B=60 / seed=10
  Random / vadd / B=60 / seed=11
  Random / vadd / B=60 / seed=12
  Random / vadd / B=60 / seed=13
  Random / vadd / B=60 / seed=14
  Random / vadd / B=60 / seed=15
  Random / vadd / B=60 / seed=16
  Random / vadd / B=60 / seed=17
  Random / vadd / B=60 / seed=18
  Random / vadd / B=60 / seed=19
  Filtered_Random / vadd / B=60 / seed=0
  Filtered_Random / vadd / B=60 / seed=1
  Filtered_Random / vadd / B=60 / seed=2
  Filtered_Random / vadd / B=60 / seed=3
  Filtered_Random / vadd / B=60 / seed=4
  Filtered_Random / vadd / B=60 / seed=5
  Filtered_Random / vadd / B=60 / seed=6
  Filtered_Random / vadd / B=60 / seed=7
  Filtered_Random / vadd / B=60 / seed=8
  Filtered_Random / vadd / B=60 / seed=9
  Filtered_Random / vadd / B=60 / seed=10
  Filtered_Random / vadd / B=60 / seed=11
  Filtered_Random / vadd / B=60 / seed=12
  Filtered_Random / vadd / B=60 / seed=13
  Filtered_Random / vadd / B=60 / seed=14
  Filtered_Random / vadd / B=60 / seed=15
  Filtered_Random / vadd / B=60 / seed=16
  Filtered_Random / vadd / B=60 / seed=17
  Filtered_Random / vadd / B=60 / seed=18
  Filtered_Random / vadd / B=60 / seed=19
  PA-DSE_L1 / vadd / B=60
  PA-DSE_Full / vadd / B=60
  Random / fir / B=60 / seed=0
  Random / fir / B=60 / seed=1
  Random / fir / B=60 / seed=2
  Random / fir / B=60 / seed=3
  Random / fir / B=60 / seed=4
  Random / fir / B=60 / seed=5
  Random / fir / B=60 / seed=6
  Random / fir / B=60 / seed=7
  Random / fir / B=60 / seed=8
  Random / fir / B=60 / seed=9
  Random / fir / B=60 / seed=10
  Random / fir / B=60 / seed=11
  Random / fir / B=60 / seed=12
  Random / fir / B=60 / seed=13
  Random / fir / B=60 / seed=14
  Random / fir / B=60 / seed=15
  Random / fir / B=60 / seed=16
  Random / fir / B=60 / seed=17
  Random / fir / B=60 / seed=18
  Random / fir / B=60 / seed=19
  Filtered_Random / fir / B=60 / seed=0
  Filtered_Random / fir / B=60 / seed=1
  Filtered_Random / fir / B=60 / seed=2
  Filtered_Random / fir / B=60 / seed=3
  Filtered_Random / fir / B=60 / seed=4
  Filtered_Random / fir / B=60 / seed=5
  Filtered_Random / fir / B=60 / seed=6
  Filtered_Random / fir / B=60 / seed=7
  Filtered_Random / fir / B=60 / seed=8
  Filtered_Random / fir / B=60 / seed=9
  Filtered_Random / fir / B=60 / seed=10
  Filtered_Random / fir / B=60 / seed=11
  Filtered_Random / fir / B=60 / seed=12
  Filtered_Random / fir / B=60 / seed=13
  Filtered_Random / fir / B=60 / seed=14
  Filtered_Random / fir / B=60 / seed=15
  Filtered_Random / fir / B=60 / seed=16
  Filtered_Random / fir / B=60 / seed=17
  Filtered_Random / fir / B=60 / seed=18
  Filtered_Random / fir / B=60 / seed=19
  PA-DSE_L1 / fir / B=60
  PA-DSE_Full / fir / B=60
  Random / histogram / B=60 / seed=0
  Random / histogram / B=60 / seed=1
  Random / histogram / B=60 / seed=2
  Random / histogram / B=60 / seed=3
  Random / histogram / B=60 / seed=4
  Random / histogram / B=60 / seed=5
  Random / histogram / B=60 / seed=6
  Random / histogram / B=60 / seed=7
  Random / histogram / B=60 / seed=8
  Random / histogram / B=60 / seed=9
  Random / histogram / B=60 / seed=10
  Random / histogram / B=60 / seed=11
  Random / histogram / B=60 / seed=12
  Random / histogram / B=60 / seed=13
  Random / histogram / B=60 / seed=14
  Random / histogram / B=60 / seed=15
  Random / histogram / B=60 / seed=16
  Random / histogram / B=60 / seed=17
  Random / histogram / B=60 / seed=18
  Random / histogram / B=60 / seed=19
  Filtered_Random / histogram / B=60 / seed=0
  Filtered_Random / histogram / B=60 / seed=1
  Filtered_Random / histogram / B=60 / seed=2
  Filtered_Random / histogram / B=60 / seed=3
  Filtered_Random / histogram / B=60 / seed=4
  Filtered_Random / histogram / B=60 / seed=5
  Filtered_Random / histogram / B=60 / seed=6
  Filtered_Random / histogram / B=60 / seed=7
  Filtered_Random / histogram / B=60 / seed=8
  Filtered_Random / histogram / B=60 / seed=9
  Filtered_Random / histogram / B=60 / seed=10
  Filtered_Random / histogram / B=60 / seed=11
  Filtered_Random / histogram / B=60 / seed=12
  Filtered_Random / histogram / B=60 / seed=13
  Filtered_Random / histogram / B=60 / seed=14
  Filtered_Random / histogram / B=60 / seed=15
  Filtered_Random / histogram / B=60 / seed=16
  Filtered_Random / histogram / B=60 / seed=17
  Filtered_Random / histogram / B=60 / seed=18
  Filtered_Random / histogram / B=60 / seed=19
  PA-DSE_L1 / histogram / B=60
  PA-DSE_Full / histogram / B=60
Done. Logs → results/experiments/logs
