[0m
 ==  Bambu executed with: /tmp/.mount_bambu8n9BPX/usr/bin/bambu --top-fname=matmul --clock-period=5 --memory-allocation-policy=NO_BRAM --channels-type=MEM_ACC_N1 --channels-number=2 --no-clean /home/cindy/hls-dse/benchmarks/matmul/matmul.c 


********************************************************************************
                    ____                  _
                   | __ )  __ _ _ __ ___ | |_   _   _
                   |  _ \ / _` | '_ ` _ \| '_ \| | | |
                   | |_) | (_| | | | | | | |_) | |_| |
                   |____/ \__,_|_| |_| |_|_.__/ \__,_|

********************************************************************************
                         High-Level Synthesis Tool

                         Politecnico di Milano - DEIB
                          System Architectures Group
********************************************************************************
                Copyright (C) 2004-2022 Politecnico di Milano
  Version: PandA 0.9.8 - Revision eda4c22d5adaec44fd8489ae49b854b244d2cf70-main

Target technology = FPGA

  Functions to be synthesized:
    matmul


  Memory allocation information:
Warning: This function uses unknown addresses: matmul
    BRAM bitsize: 16
    Spec may not exploit DATA bus width
    Spec accesses data having an address unknown at compile time
    Internal data is not externally accessible
    DATA bus bitsize: 32
    ADDRESS bus bitsize: 32
    SIZE bus bitsize: 6
    Internally allocated memory (no private memories): 0
    Internally allocated memory: 0
  Time to perform memory allocation: 0.01 seconds


  Module allocation information for function matmul:
    Number of complex operations: 5
    Number of complex operations: 5
  Time to perform module allocation: 0.13 seconds


  Scheduling Information of function matmul:
    Number of control steps: 15
    Minimum slack: 0.5673999970000001
    Estimated max frequency (MHz): 225.6012271179886
  Time to perform scheduling: 0.04 seconds


  State Transition Graph Information of function matmul:
    Number of states: 17
    Done port is registered
  Time to perform creation of STG: 0.01 seconds


  Easy binding information for function matmul:
    Bound operations:20/44
  Time to perform easy binding: 0.00 seconds


  Storage Value Information of function matmul:
    Number of storage values inserted: 21
  Time to compute storage value information: 0.00 seconds

  Slack computed in 0.00 seconds
  Weight computation completed in 0.00 seconds
  False-loop computation completed in 0.00 seconds

  Register binding information for function matmul:
    Register allocation algorithm obtains a sub-optimal result: 17 registers(LB:14)
  Time to perform register binding: 0.01 seconds

  Clique covering computation completed in 0.01 seconds

  Module binding information for function matmul:
    Number of modules instantiated: 41
    Number of performance conflicts: 2
    Estimated resources area (no Muxes and address logic): 441
    Estimated area of MUX21: 104
    Total estimated area: 545
    Estimated number of DSPs: 3
  Time to perform module binding: 0.03 seconds


  Register binding information for function matmul:
    Register allocation algorithm obtains a sub-optimal result: 17 registers(LB:14)
  Time to perform register binding: 0.01 seconds


  Connection Binding Information for function matmul:
    Number of allocated multiplexers (2-to-1 equivalent): 11
  Time to perform interconnection binding: 0.02 seconds

  Total number of flip-flops in function matmul: 451
